<?xml version="1.0" encoding="UTF-8"?>
<!-- Generated by org.testng.reporters.JUnitReportReporter -->
<testsuite hostname="DESKTOP-1CCS179" failures="0" tests="1" name="ai.ds.testLayer.BuyFunctionality" time="21.702" errors="0" timestamp="2022-11-25T09:14:59 IST" skipped="0">
  <testcase classname="ai.ds.testLayer.BuyFunctionality" name="verifyBuyFunctionality" time="21.702"/>
  <system-out/>
</testsuite> <!-- ai.ds.testLayer.BuyFunctionality -->
