<?xml version="1.0" encoding="UTF-8"?>
<!-- Generated by org.testng.reporters.JUnitReportReporter -->
<testsuite hostname="DESKTOP-1CCS179" failures="0" tests="1" name="ai.ds.testLayer.LoginPageTest" time="10.016" errors="0" timestamp="2022-11-20T10:50:32 IST" skipped="0">
  <testcase classname="ai.ds.testLayer.LoginPageTest" name="verifyLoginTest" time="10.016"/>
  <system-out/>
</testsuite> <!-- ai.ds.testLayer.LoginPageTest -->
