<?xml version="1.0" encoding="UTF-8"?>
<!-- Generated by org.testng.reporters.JUnitReportReporter -->
<testsuite hostname="DESKTOP-1CCS179" failures="0" tests="1" name="ai.ds.testBase.TestBase" time="9.131" errors="0" timestamp="2022-11-20T09:56:56 IST" skipped="0">
  <testcase classname="ai.ds.testBase.TestBase" name="setUp" time="9.131"/>
  <system-out/>
</testsuite> <!-- ai.ds.testBase.TestBase -->
